* da05c83 siuuuuu
*   9f25edf Merge branch 'main' of https://github.com/luisrodriguez2498/Copy-paste-oficial-version
|\  
| *   81056c0 Merge branch 'main' of https://github.com/luisrodriguez2498/Copy-paste-oficial-version
| |\  
* | \   e21473b Despues del pull, haciendo una actualizacion al commit
|\ \ \  
| |/ /  
|/| /   
| |/    
| * a0c4d64 Agregando las estaciones del año
* | 2b95788 Agregando estaciones del año con fecha de incio
|/  
* efedd2b ya esta!
*   1dc6b5b Resolviendo conflicto merge main html en el documento index.html
|\  
| * 39f9c59 Agregando index.js al index.html
* | 2a0230c Agregando style.css al index.html
* |   b657f7f Merge branch 'js'
|\ \  
| * | e2eb929 Creando index.js
* | | 79fb236 Creando nuevo.css
| |/  
|/|   
* | 4c55782 Ya esta
* | 6b1c2f2 Creando index.html
|/  
* de95390 Ignorando archivos .pdf
* 925fb76 Actualizando las notas
* 8f9115c Creando licencia del repositorio
* 5900765 Update README.md
* bd537d7 Muuuuuuchos más detalles
* db02d8a Haciendo más pruebas
* 869f325 Se agregó informacion al README.md
* 741e7b1 Mi proyecto de notas para el trabajo
